Traceback (most recent call last):
  File "/opt/miniconda3/envs/srh/lib/python3.10/site-packages/jupyter_cache/executors/utils.py", line 51, in single_nb_execution
    executenb(
  File "/opt/miniconda3/envs/srh/lib/python3.10/site-packages/nbclient/client.py", line 1204, in execute
    return NotebookClient(nb=nb, resources=resources, km=km, **kwargs).execute()
  File "/opt/miniconda3/envs/srh/lib/python3.10/site-packages/nbclient/util.py", line 84, in wrapped
    return just_run(coro(*args, **kwargs))
  File "/opt/miniconda3/envs/srh/lib/python3.10/site-packages/nbclient/util.py", line 62, in just_run
    return loop.run_until_complete(coro)
  File "/opt/miniconda3/envs/srh/lib/python3.10/asyncio/base_events.py", line 641, in run_until_complete
    return future.result()
  File "/opt/miniconda3/envs/srh/lib/python3.10/site-packages/nbclient/client.py", line 663, in async_execute
    await self.async_execute_cell(
  File "/opt/miniconda3/envs/srh/lib/python3.10/site-packages/nbclient/client.py", line 965, in async_execute_cell
    await self._check_raise_for_error(cell, cell_index, exec_reply)
  File "/opt/miniconda3/envs/srh/lib/python3.10/site-packages/nbclient/client.py", line 862, in _check_raise_for_error
    raise CellExecutionError.from_cell_and_msg(cell, exec_reply_content)
nbclient.exceptions.CellExecutionError: An error occurred while executing the following cell:
------------------
# Lesen der Datei students.csv als Dataframe; nur die Spalten "age", "weight", "height" und "nc.score" Spalten werden eingelesen

students = pd.read_csv(
    "../../data/students.csv",
    index_col=0,
    usecols=["age", "height", "weight", "nc.score"],
)
# Zeige die ersten 10 Werte
students.head(10)
------------------

[0;31m---------------------------------------------------------------------------[0m
[0;31mValueError[0m                                Traceback (most recent call last)
Input [0;32mIn [4][0m, in [0;36m<cell line: 3>[0;34m()[0m
[1;32m      1[0m [38;5;66;03m# Lesen der Datei students.csv als Dataframe; nur die Spalten "age", "weight", "height" und "nc.score" Spalten werden eingelesen[39;00m
[0;32m----> 3[0m students [38;5;241m=[39m [43mpd[49m[38;5;241;43m.[39;49m[43mread_csv[49m[43m([49m
[1;32m      4[0m [43m    [49m[38;5;124;43m"[39;49m[38;5;124;43m../../data/students.csv[39;49m[38;5;124;43m"[39;49m[43m,[49m
[1;32m      5[0m [43m    [49m[43mindex_col[49m[38;5;241;43m=[39;49m[38;5;241;43m0[39;49m[43m,[49m
[1;32m      6[0m [43m    [49m[43musecols[49m[38;5;241;43m=[39;49m[43m[[49m[38;5;124;43m"[39;49m[38;5;124;43mage[39;49m[38;5;124;43m"[39;49m[43m,[49m[43m [49m[38;5;124;43m"[39;49m[38;5;124;43mheight[39;49m[38;5;124;43m"[39;49m[43m,[49m[43m [49m[38;5;124;43m"[39;49m[38;5;124;43mweight[39;49m[38;5;124;43m"[39;49m[43m,[49m[43m [49m[38;5;124;43m"[39;49m[38;5;124;43mnc.score[39;49m[38;5;124;43m"[39;49m[43m][49m[43m,[49m
[1;32m      7[0m [43m)[49m
[1;32m      8[0m [38;5;66;03m# Zeige die ersten 10 Werte[39;00m
[1;32m      9[0m students[38;5;241m.[39mhead([38;5;241m10[39m)

File [0;32m/opt/miniconda3/envs/srh/lib/python3.10/site-packages/pandas/util/_decorators.py:311[0m, in [0;36mdeprecate_nonkeyword_arguments.<locals>.decorate.<locals>.wrapper[0;34m(*args, **kwargs)[0m
[1;32m    305[0m [38;5;28;01mif[39;00m [38;5;28mlen[39m(args) [38;5;241m>[39m num_allow_args:
[1;32m    306[0m     warnings[38;5;241m.[39mwarn(
[1;32m    307[0m         msg[38;5;241m.[39mformat(arguments[38;5;241m=[39marguments),
[1;32m    308[0m         [38;5;167;01mFutureWarning[39;00m,
[1;32m    309[0m         stacklevel[38;5;241m=[39mstacklevel,
[1;32m    310[0m     )
[0;32m--> 311[0m [38;5;28;01mreturn[39;00m [43mfunc[49m[43m([49m[38;5;241;43m*[39;49m[43margs[49m[43m,[49m[43m [49m[38;5;241;43m*[39;49m[38;5;241;43m*[39;49m[43mkwargs[49m[43m)[49m

File [0;32m/opt/miniconda3/envs/srh/lib/python3.10/site-packages/pandas/io/parsers/readers.py:680[0m, in [0;36mread_csv[0;34m(filepath_or_buffer, sep, delimiter, header, names, index_col, usecols, squeeze, prefix, mangle_dupe_cols, dtype, engine, converters, true_values, false_values, skipinitialspace, skiprows, skipfooter, nrows, na_values, keep_default_na, na_filter, verbose, skip_blank_lines, parse_dates, infer_datetime_format, keep_date_col, date_parser, dayfirst, cache_dates, iterator, chunksize, compression, thousands, decimal, lineterminator, quotechar, quoting, doublequote, escapechar, comment, encoding, encoding_errors, dialect, error_bad_lines, warn_bad_lines, on_bad_lines, delim_whitespace, low_memory, memory_map, float_precision, storage_options)[0m
[1;32m    665[0m kwds_defaults [38;5;241m=[39m _refine_defaults_read(
[1;32m    666[0m     dialect,
[1;32m    667[0m     delimiter,
[0;32m   (...)[0m
[1;32m    676[0m     defaults[38;5;241m=[39m{[38;5;124m"[39m[38;5;124mdelimiter[39m[38;5;124m"[39m: [38;5;124m"[39m[38;5;124m,[39m[38;5;124m"[39m},
[1;32m    677[0m )
[1;32m    678[0m kwds[38;5;241m.[39mupdate(kwds_defaults)
[0;32m--> 680[0m [38;5;28;01mreturn[39;00m [43m_read[49m[43m([49m[43mfilepath_or_buffer[49m[43m,[49m[43m [49m[43mkwds[49m[43m)[49m

File [0;32m/opt/miniconda3/envs/srh/lib/python3.10/site-packages/pandas/io/parsers/readers.py:575[0m, in [0;36m_read[0;34m(filepath_or_buffer, kwds)[0m
[1;32m    572[0m _validate_names(kwds[38;5;241m.[39mget([38;5;124m"[39m[38;5;124mnames[39m[38;5;124m"[39m, [38;5;28;01mNone[39;00m))
[1;32m    574[0m [38;5;66;03m# Create the parser.[39;00m
[0;32m--> 575[0m parser [38;5;241m=[39m [43mTextFileReader[49m[43m([49m[43mfilepath_or_buffer[49m[43m,[49m[43m [49m[38;5;241;43m*[39;49m[38;5;241;43m*[39;49m[43mkwds[49m[43m)[49m
[1;32m    577[0m [38;5;28;01mif[39;00m chunksize [38;5;129;01mor[39;00m iterator:
[1;32m    578[0m     [38;5;28;01mreturn[39;00m parser

File [0;32m/opt/miniconda3/envs/srh/lib/python3.10/site-packages/pandas/io/parsers/readers.py:933[0m, in [0;36mTextFileReader.__init__[0;34m(self, f, engine, **kwds)[0m
[1;32m    930[0m     [38;5;28mself[39m[38;5;241m.[39moptions[[38;5;124m"[39m[38;5;124mhas_index_names[39m[38;5;124m"[39m] [38;5;241m=[39m kwds[[38;5;124m"[39m[38;5;124mhas_index_names[39m[38;5;124m"[39m]
[1;32m    932[0m [38;5;28mself[39m[38;5;241m.[39mhandles: IOHandles [38;5;241m|[39m [38;5;28;01mNone[39;00m [38;5;241m=[39m [38;5;28;01mNone[39;00m
[0;32m--> 933[0m [38;5;28mself[39m[38;5;241m.[39m_engine [38;5;241m=[39m [38;5;28;43mself[39;49m[38;5;241;43m.[39;49m[43m_make_engine[49m[43m([49m[43mf[49m[43m,[49m[43m [49m[38;5;28;43mself[39;49m[38;5;241;43m.[39;49m[43mengine[49m[43m)[49m

File [0;32m/opt/miniconda3/envs/srh/lib/python3.10/site-packages/pandas/io/parsers/readers.py:1231[0m, in [0;36mTextFileReader._make_engine[0;34m(self, f, engine)[0m
[1;32m   1228[0m     f [38;5;241m=[39m [38;5;28mself[39m[38;5;241m.[39mhandles[38;5;241m.[39mhandle
[1;32m   1230[0m [38;5;28;01mtry[39;00m:
[0;32m-> 1231[0m     [38;5;28;01mreturn[39;00m [43mmapping[49m[43m[[49m[43mengine[49m[43m][49m[43m([49m[43mf[49m[43m,[49m[43m [49m[38;5;241;43m*[39;49m[38;5;241;43m*[39;49m[38;5;28;43mself[39;49m[38;5;241;43m.[39;49m[43moptions[49m[43m)[49m
[1;32m   1232[0m [38;5;28;01mexcept[39;00m [38;5;167;01mException[39;00m:
[1;32m   1233[0m     [38;5;28;01mif[39;00m [38;5;28mself[39m[38;5;241m.[39mhandles [38;5;129;01mis[39;00m [38;5;129;01mnot[39;00m [38;5;28;01mNone[39;00m:

File [0;32m/opt/miniconda3/envs/srh/lib/python3.10/site-packages/pandas/io/parsers/c_parser_wrapper.py:131[0m, in [0;36mCParserWrapper.__init__[0;34m(self, src, **kwds)[0m
[1;32m    127[0m [38;5;28;01massert[39;00m [38;5;28mself[39m[38;5;241m.[39morig_names [38;5;129;01mis[39;00m [38;5;129;01mnot[39;00m [38;5;28;01mNone[39;00m
[1;32m    128[0m [38;5;28;01mif[39;00m [38;5;28mself[39m[38;5;241m.[39musecols_dtype [38;5;241m==[39m [38;5;124m"[39m[38;5;124mstring[39m[38;5;124m"[39m [38;5;129;01mand[39;00m [38;5;129;01mnot[39;00m [38;5;28mset[39m(usecols)[38;5;241m.[39missubset(
[1;32m    129[0m     [38;5;28mself[39m[38;5;241m.[39morig_names
[1;32m    130[0m ):
[0;32m--> 131[0m     [38;5;28;43mself[39;49m[38;5;241;43m.[39;49m[43m_validate_usecols_names[49m[43m([49m[43musecols[49m[43m,[49m[43m [49m[38;5;28;43mself[39;49m[38;5;241;43m.[39;49m[43morig_names[49m[43m)[49m
[1;32m    133[0m [38;5;66;03m# error: Cannot determine type of 'names'[39;00m
[1;32m    134[0m [38;5;28;01mif[39;00m [38;5;28mlen[39m([38;5;28mself[39m[38;5;241m.[39mnames) [38;5;241m>[39m [38;5;28mlen[39m(usecols):  [38;5;66;03m# type: ignore[has-type][39;00m
[1;32m    135[0m     [38;5;66;03m# error: Cannot determine type of 'names'[39;00m

File [0;32m/opt/miniconda3/envs/srh/lib/python3.10/site-packages/pandas/io/parsers/base_parser.py:913[0m, in [0;36mParserBase._validate_usecols_names[0;34m(self, usecols, names)[0m
[1;32m    911[0m missing [38;5;241m=[39m [c [38;5;28;01mfor[39;00m c [38;5;129;01min[39;00m usecols [38;5;28;01mif[39;00m c [38;5;129;01mnot[39;00m [38;5;129;01min[39;00m names]
[1;32m    912[0m [38;5;28;01mif[39;00m [38;5;28mlen[39m(missing) [38;5;241m>[39m [38;5;241m0[39m:
[0;32m--> 913[0m     [38;5;28;01mraise[39;00m [38;5;167;01mValueError[39;00m(
[1;32m    914[0m         [38;5;124mf[39m[38;5;124m"[39m[38;5;124mUsecols do not match columns, columns expected but not found: [39m[38;5;124m"[39m
[1;32m    915[0m         [38;5;124mf[39m[38;5;124m"[39m[38;5;132;01m{[39;00mmissing[38;5;132;01m}[39;00m[38;5;124m"[39m
[1;32m    916[0m     )
[1;32m    918[0m [38;5;28;01mreturn[39;00m usecols

[0;31mValueError[0m: Usecols do not match columns, columns expected but not found: ['nc.score']
ValueError: Usecols do not match columns, columns expected but not found: ['nc.score']

